<?xml version="1.0" encoding="UTF-8"?>
<testsuite xmlns:xsi="http://www.w3.org/2001/XMLSchema-instance" xsi:noNamespaceSchemaLocation="https://maven.apache.org/surefire/maven-surefire-plugin/xsd/surefire-test-report-3.0.xsd" version="3.0" name="com.cucumber.runner.TestRunner" time="153.274" tests="23" errors="0" skipped="0" failures="4">
  <properties>
[...]
</properties>
  <testcase name="When User Launch the amazon application" classname="Scenario: Amazon Home page validation" time="0.035"/>
  <testcase name="Then User verify the amazon logo present in the page" classname="Scenario: Amazon Home page validation" time="0"/>
  <testcase name="And User verify the amazon page title" classname="Scenario: Amazon Home page validation" time="0"/>
  <testcase name="And User should see search feild present in the page" classname="Scenario: Amazon Home page validation" time="0"/>
  <testcase name="" classname="Scenario: Amazon Home page validation" time="0.003"/>
  <testcase name="When User enter &quot;Mobile&quot; in the search feild" classname="| Mobile |" time="0"/>
  <testcase name="And User click on search button" classname="| Mobile |" time="0"/>
  <testcase name="Then User should see the &quot;Mobile&quot; in the search result page header" classname="| Mobile |" time="0.02">
    <failure message="expected:&lt;[Mobile]&gt; but was:&lt;[&quot;Mobile&quot;]&gt;" type="org.junit.ComparisonFailure"><![CDATA[org.junit.ComparisonFailure: expected:<[Mobile]> but was:<["Mobile"]>
]]></failure>
  </testcase>
  <testcase name="" classname="| Mobile |" time="0.021">
    <failure message="expected:&lt;[Mobile]&gt; but was:&lt;[&quot;Mobile&quot;]&gt;" type="org.junit.ComparisonFailure"><![CDATA[org.junit.ComparisonFailure: expected:<[Mobile]> but was:<["Mobile"]>
]]></failure>
  </testcase>
  <testcase name="When User enter &quot;Laptop&quot; in the search feild" classname="| Laptop |" time="0"/>
  <testcase name="And User click on search button" classname="| Laptop |" time="0"/>
  <testcase name="Then User should see the &quot;Laptop&quot; in the search result page header" classname="| Laptop |" time="0">
    <failure message="expected:&lt;[Laptop]&gt; but was:&lt;[&quot;Laptop&quot;]&gt;" type="org.junit.ComparisonFailure"><![CDATA[org.junit.ComparisonFailure: expected:<[Laptop]> but was:<["Laptop"]>
]]></failure>
  </testcase>
  <testcase name="" classname="| Laptop |" time="0.001">
    <failure message="expected:&lt;[Laptop]&gt; but was:&lt;[&quot;Laptop&quot;]&gt;" type="org.junit.ComparisonFailure"><![CDATA[org.junit.ComparisonFailure: expected:<[Laptop]> but was:<["Laptop"]>
]]></failure>
  </testcase>
  <testcase name="When User click on Amazon Hamburger menu bar" classname="| Men&apos;s Fashion | Shirts | SHIRT |" time="0"/>
  <testcase name="And User click on main menu &quot;Men&apos;s Fashion&quot;" classname="| Men&apos;s Fashion | Shirts | SHIRT |" time="0"/>
  <testcase name="And User click on sub menu &quot;Shirts&quot;" classname="| Men&apos;s Fashion | Shirts | SHIRT |" time="0"/>
  <testcase name="Then User should see the &quot;SHIRT&quot; in the landing page" classname="| Men&apos;s Fashion | Shirts | SHIRT |" time="0"/>
  <testcase name="" classname="| Men&apos;s Fashion | Shirts | SHIRT |" time="0.001"/>
  <testcase name="When User click on Amazon Hamburger menu bar" classname="| Women&apos;s Fashion | Watches | WATCHES |" time="0"/>
  <testcase name="And User click on main menu &quot;Women&apos;s Fashion&quot;" classname="| Women&apos;s Fashion | Watches | WATCHES |" time="0.001"/>
  <testcase name="And User click on sub menu &quot;Watches&quot;" classname="| Women&apos;s Fashion | Watches | WATCHES |" time="0"/>
  <testcase name="Then User should see the &quot;WATCHES&quot; in the landing page" classname="| Women&apos;s Fashion | Watches | WATCHES |" time="0"/>
  <testcase name="" classname="| Women&apos;s Fashion | Watches | WATCHES |" time="0"/>
</testsuite>